<?xml version="1.0" encoding="UTF-8"?>
<testng-results skipped="0" failed="2" ignored="1" total="3" passed="0">
  <reporter-output>
  </reporter-output>
  <suite name="Suite" duration-ms="119005" started-at="2017-09-03T15:02:57Z" finished-at="2017-09-03T15:04:56Z">
    <groups>
    </groups>
    <test name="uitest" duration-ms="119005" started-at="2017-09-03T15:02:57Z" finished-at="2017-09-03T15:04:56Z">
      <class name="com.zzkg.cases.address.AddAddress">
        <test-method status="PASS" signature="beforeClass()[pri:0, instance:com.zzkg.cases.address.AddAddress@5419f379]" name="beforeClass" is-config="true" duration-ms="150" started-at="2017-09-03T23:02:57Z" finished-at="2017-09-03T23:02:57Z">
          <reporter-output>
          </reporter-output>
        </test-method> <!-- beforeClass -->
        <test-method status="PASS" signature="beforeMethod()[pri:0, instance:com.zzkg.cases.address.AddAddress@5419f379]" name="beforeMethod" is-config="true" duration-ms="20661" started-at="2017-09-03T23:02:57Z" finished-at="2017-09-03T23:03:18Z">
          <reporter-output>
          </reporter-output>
        </test-method> <!-- beforeMethod -->
        <test-method status="FAIL" signature="addAddress(java.lang.String, java.lang.String, java.lang.String, java.lang.String, java.lang.String, java.lang.String)[pri:1, instance:com.zzkg.cases.address.AddAddress@5419f379]" name="addAddress" duration-ms="35720" started-at="2017-09-03T23:03:18Z" data-provider="address" finished-at="2017-09-03T23:03:54Z">
          <params>
            <param index="0">
              <value>
                <![CDATA[大爷男]]>
              </value>
            </param>
            <param index="1">
              <value>
                <![CDATA[man]]>
              </value>
            </param>
            <param index="2">
              <value>
                <![CDATA[1371467277]]>
              </value>
            </param>
            <param index="3">
              <value>
                <![CDATA[自动化测试楼栋C栋(勿删)]]>
              </value>
            </param>
            <param index="4">
              <value>
                <![CDATA[111111A]]>
              </value>
            </param>
            <param index="5">
              <value>
                <![CDATA[大爷男先生]]>
              </value>
            </param>
          </params>
          <exception class="java.lang.AssertionError">
            <message>
              <![CDATA[expected [true] but found [false]]]>
            </message>
            <full-stacktrace>
              <![CDATA[java.lang.AssertionError: expected [true] but found [false]
	at org.testng.Assert.fail(Assert.java:93)
	at org.testng.Assert.failNotEquals(Assert.java:512)
	at org.testng.Assert.assertTrue(Assert.java:41)
	at org.testng.Assert.assertTrue(Assert.java:51)
	at com.zzkg.cases.address.AddAddress.addAddress(AddAddress.java:41)
	at sun.reflect.NativeMethodAccessorImpl.invoke0(Native Method)
	at sun.reflect.NativeMethodAccessorImpl.invoke(Unknown Source)
	at sun.reflect.DelegatingMethodAccessorImpl.invoke(Unknown Source)
	at java.lang.reflect.Method.invoke(Unknown Source)
	at org.testng.internal.MethodInvocationHelper.invokeMethod(MethodInvocationHelper.java:108)
	at org.testng.internal.Invoker.invokeMethod(Invoker.java:661)
	at org.testng.internal.Invoker.invokeTestMethod(Invoker.java:869)
	at org.testng.internal.Invoker.invokeTestMethods(Invoker.java:1193)
	at org.testng.internal.TestMethodWorker.invokeTestMethods(TestMethodWorker.java:126)
	at org.testng.internal.TestMethodWorker.run(TestMethodWorker.java:109)
	at org.testng.TestRunner.privateRun(TestRunner.java:744)
	at org.testng.TestRunner.run(TestRunner.java:602)
	at org.testng.SuiteRunner.runTest(SuiteRunner.java:380)
	at org.testng.SuiteRunner.runSequentially(SuiteRunner.java:375)
	at org.testng.SuiteRunner.privateRun(SuiteRunner.java:340)
	at org.testng.SuiteRunner.run(SuiteRunner.java:289)
	at org.testng.SuiteRunnerWorker.runSuite(SuiteRunnerWorker.java:52)
	at org.testng.SuiteRunnerWorker.run(SuiteRunnerWorker.java:86)
	at org.testng.TestNG.runSuitesSequentially(TestNG.java:1301)
	at org.testng.TestNG.runSuitesLocally(TestNG.java:1226)
	at org.testng.TestNG.runSuites(TestNG.java:1144)
	at org.testng.TestNG.run(TestNG.java:1115)
	at org.testng.remote.AbstractRemoteTestNG.run(AbstractRemoteTestNG.java:132)
	at org.testng.remote.RemoteTestNG.initAndRun(RemoteTestNG.java:230)
	at org.testng.remote.RemoteTestNG.main(RemoteTestNG.java:76)
]]>
            </full-stacktrace>
          </exception> <!-- java.lang.AssertionError -->
          <reporter-output>
          </reporter-output>
        </test-method> <!-- addAddress -->
        <test-method status="PASS" signature="afterMethod()[pri:0, instance:com.zzkg.cases.address.AddAddress@5419f379]" name="afterMethod" is-config="true" duration-ms="1299" started-at="2017-09-03T23:03:54Z" finished-at="2017-09-03T23:03:55Z">
          <reporter-output>
          </reporter-output>
        </test-method> <!-- afterMethod -->
        <test-method status="PASS" signature="beforeMethod()[pri:0, instance:com.zzkg.cases.address.AddAddress@5419f379]" name="beforeMethod" is-config="true" duration-ms="25502" started-at="2017-09-03T23:03:55Z" finished-at="2017-09-03T23:04:20Z">
          <reporter-output>
          </reporter-output>
        </test-method> <!-- beforeMethod -->
        <test-method status="FAIL" signature="addAddress(java.lang.String, java.lang.String, java.lang.String, java.lang.String, java.lang.String, java.lang.String)[pri:1, instance:com.zzkg.cases.address.AddAddress@5419f379]" name="addAddress" duration-ms="33526" started-at="2017-09-03T23:04:20Z" data-provider="address" finished-at="2017-09-03T23:04:54Z">
          <params>
            <param index="0">
              <value>
                <![CDATA[大爷女]]>
              </value>
            </param>
            <param index="1">
              <value>
                <![CDATA[woman]]>
              </value>
            </param>
            <param index="2">
              <value>
                <![CDATA[1371467276]]>
              </value>
            </param>
            <param index="3">
              <value>
                <![CDATA[自动化测试楼栋C栋(勿删)]]>
              </value>
            </param>
            <param index="4">
              <value>
                <![CDATA[111111A]]>
              </value>
            </param>
            <param index="5">
              <value>
                <![CDATA[大爷女女士]]>
              </value>
            </param>
          </params>
          <exception class="java.lang.AssertionError">
            <message>
              <![CDATA[expected [true] but found [false]]]>
            </message>
            <full-stacktrace>
              <![CDATA[java.lang.AssertionError: expected [true] but found [false]
	at org.testng.Assert.fail(Assert.java:93)
	at org.testng.Assert.failNotEquals(Assert.java:512)
	at org.testng.Assert.assertTrue(Assert.java:41)
	at org.testng.Assert.assertTrue(Assert.java:51)
	at com.zzkg.cases.address.AddAddress.addAddress(AddAddress.java:41)
	at sun.reflect.NativeMethodAccessorImpl.invoke0(Native Method)
	at sun.reflect.NativeMethodAccessorImpl.invoke(Unknown Source)
	at sun.reflect.DelegatingMethodAccessorImpl.invoke(Unknown Source)
	at java.lang.reflect.Method.invoke(Unknown Source)
	at org.testng.internal.MethodInvocationHelper.invokeMethod(MethodInvocationHelper.java:108)
	at org.testng.internal.Invoker.invokeMethod(Invoker.java:661)
	at org.testng.internal.Invoker.invokeTestMethod(Invoker.java:869)
	at org.testng.internal.Invoker.invokeTestMethods(Invoker.java:1193)
	at org.testng.internal.TestMethodWorker.invokeTestMethods(TestMethodWorker.java:126)
	at org.testng.internal.TestMethodWorker.run(TestMethodWorker.java:109)
	at org.testng.TestRunner.privateRun(TestRunner.java:744)
	at org.testng.TestRunner.run(TestRunner.java:602)
	at org.testng.SuiteRunner.runTest(SuiteRunner.java:380)
	at org.testng.SuiteRunner.runSequentially(SuiteRunner.java:375)
	at org.testng.SuiteRunner.privateRun(SuiteRunner.java:340)
	at org.testng.SuiteRunner.run(SuiteRunner.java:289)
	at org.testng.SuiteRunnerWorker.runSuite(SuiteRunnerWorker.java:52)
	at org.testng.SuiteRunnerWorker.run(SuiteRunnerWorker.java:86)
	at org.testng.TestNG.runSuitesSequentially(TestNG.java:1301)
	at org.testng.TestNG.runSuitesLocally(TestNG.java:1226)
	at org.testng.TestNG.runSuites(TestNG.java:1144)
	at org.testng.TestNG.run(TestNG.java:1115)
	at org.testng.remote.AbstractRemoteTestNG.run(AbstractRemoteTestNG.java:132)
	at org.testng.remote.RemoteTestNG.initAndRun(RemoteTestNG.java:230)
	at org.testng.remote.RemoteTestNG.main(RemoteTestNG.java:76)
]]>
            </full-stacktrace>
          </exception> <!-- java.lang.AssertionError -->
          <reporter-output>
          </reporter-output>
        </test-method> <!-- addAddress -->
        <test-method status="PASS" signature="afterMethod()[pri:0, instance:com.zzkg.cases.address.AddAddress@5419f379]" name="afterMethod" is-config="true" duration-ms="1727" started-at="2017-09-03T23:04:54Z" finished-at="2017-09-03T23:04:56Z">
          <reporter-output>
          </reporter-output>
        </test-method> <!-- afterMethod -->
        <test-method status="PASS" signature="afterClass()[pri:0, instance:com.zzkg.cases.address.AddAddress@5419f379]" name="afterClass" is-config="true" duration-ms="1" started-at="2017-09-03T23:04:56Z" finished-at="2017-09-03T23:04:56Z">
          <reporter-output>
          </reporter-output>
        </test-method> <!-- afterClass -->
      </class> <!-- com.zzkg.cases.address.AddAddress -->
    </test> <!-- uitest -->
  </suite> <!-- Suite -->
</testng-results>
